<?xml version="1.0" encoding="UTF-8"?>
<!-- Generated by org.testng.reporters.JUnitReportReporter -->
<testsuite hostname="DESKTOP-50A2D6B" failures="0" tests="1" name="com.test.LoginTest" time="11.863" errors="0" timestamp="2025-10-13T09:59:47 IST" skipped="0">
  <testcase classname="com.test.LoginTest" name="onTest" time="11.863"/>
</testsuite> <!-- com.test.LoginTest -->
